<?xml version="1.0" encoding="UTF-8"?>
<!-- Generated by org.testng.reporters.JUnitXMLReporter -->
<testsuite ignored="0" hostname="LAPTOP-P3PTO09U" failures="0" tests="3" name="Default test" time="30.913" errors="0" timestamp="2021-07-24T17:46:59 IST">
  <testcase classname="TestCases.LoginPageTest" name="login" time="5.411"/>
  <testcase classname="TestCases.LoginPageTest" name="signup" time="3.641"/>
  <testcase classname="TestCases.LoginPageTest" name="validatepagetitle" time="0.125"/>
</testsuite> <!-- Default test -->
