<?xml version="1.0" encoding="UTF-8"?>
<!-- Generated by org.testng.reporters.JUnitXMLReporter -->
<testsuite ignored="0" hostname="LAPTOP-P3PTO09U" failures="0" tests="4" name="Command line test" time="136.393" errors="0" timestamp="2021-02-01T22:17:08 IST">
  <testcase classname="PomFramework.ContactPageTest" name="clicknNewContact" time="26.312"/>
  <testcase classname="PomFramework.ContactPageTest" name="newcontact" time="36.037"/>
  <testcase classname="PomFramework.LoginPageTest" name="validatepagetitle" time="0.059"/>
  <testcase classname="PomFramework.LoginPageTest" name="login" time="9.591"/>
</testsuite> <!-- Command line test -->
