<?xml version="1.0" encoding="UTF-8"?>
<testng-results ignored="0" total="4" passed="4" failed="0" skipped="0">
  <reporter-output>
  </reporter-output>
  <suite started-at="2021-02-01T22:14:52 IST" name="Command line suite" finished-at="2021-02-01T22:17:08 IST" duration-ms="136393">
    <groups>
    </groups>
    <test started-at="2021-02-01T22:14:52 IST" name="Command line test" finished-at="2021-02-01T22:17:08 IST" duration-ms="136393">
      <class name="PomFramework.ContactPageTest">
        <test-method is-config="true" signature="LoginPage()[pri:0, instance:PomFramework.ContactPageTest@12d3a4e9]" started-at="2021-02-01T22:14:52 IST" name="LoginPage" finished-at="2021-02-01T22:15:10 IST" duration-ms="18687" status="PASS">
          <reporter-output>
          </reporter-output>
        </test-method> <!-- LoginPage -->
        <test-method signature="clicknNewContact()[pri:1, instance:PomFramework.ContactPageTest@12d3a4e9]" started-at="2021-02-01T22:15:10 IST" name="clicknNewContact" finished-at="2021-02-01T22:15:37 IST" duration-ms="26312" status="PASS">
          <reporter-output>
          </reporter-output>
        </test-method> <!-- clicknNewContact -->
        <test-method is-config="true" signature="teardown()[pri:0, instance:PomFramework.ContactPageTest@12d3a4e9]" started-at="2021-02-01T22:15:37 IST" name="teardown" finished-at="2021-02-01T22:15:37 IST" duration-ms="56" status="PASS">
          <reporter-output>
          </reporter-output>
        </test-method> <!-- teardown -->
        <test-method is-config="true" signature="LoginPage()[pri:0, instance:PomFramework.ContactPageTest@12d3a4e9]" started-at="2021-02-01T22:15:37 IST" name="LoginPage" finished-at="2021-02-01T22:15:55 IST" duration-ms="17278" status="PASS">
          <reporter-output>
          </reporter-output>
        </test-method> <!-- LoginPage -->
        <test-method signature="newcontact(java.lang.String, java.lang.String)[pri:2, instance:PomFramework.ContactPageTest@12d3a4e9]" started-at="2021-02-01T22:15:55 IST" name="newcontact" data-provider="getestdata" finished-at="2021-02-01T22:16:31 IST" duration-ms="36037" status="PASS">
          <params>
            <param index="0">
              <value>
                <![CDATA[isha]]>
              </value>
            </param>
            <param index="1">
              <value>
                <![CDATA[biswas]]>
              </value>
            </param>
          </params>
          <reporter-output>
          </reporter-output>
        </test-method> <!-- newcontact -->
        <test-method is-config="true" signature="teardown()[pri:0, instance:PomFramework.ContactPageTest@12d3a4e9]" started-at="2021-02-01T22:16:31 IST" name="teardown" finished-at="2021-02-01T22:16:31 IST" duration-ms="72" status="PASS">
          <reporter-output>
          </reporter-output>
        </test-method> <!-- teardown -->
      </class> <!-- PomFramework.ContactPageTest -->
      <class name="PomFramework.LoginPageTest">
        <test-method is-config="true" signature="LoginPage()[pri:0, instance:PomFramework.LoginPageTest@240237d2]" started-at="2021-02-01T22:16:31 IST" name="LoginPage" finished-at="2021-02-01T22:16:41 IST" duration-ms="10483" status="PASS">
          <reporter-output>
          </reporter-output>
        </test-method> <!-- LoginPage -->
        <test-method signature="validatepagetitle()[pri:1, instance:PomFramework.LoginPageTest@240237d2]" started-at="2021-02-01T22:16:41 IST" name="validatepagetitle" finished-at="2021-02-01T22:16:41 IST" duration-ms="59" status="PASS">
          <reporter-output>
          </reporter-output>
        </test-method> <!-- validatepagetitle -->
        <test-method is-config="true" signature="teardown()[pri:0, instance:PomFramework.LoginPageTest@240237d2]" started-at="2021-02-01T22:16:41 IST" name="teardown" finished-at="2021-02-01T22:16:41 IST" duration-ms="92" status="PASS">
          <reporter-output>
          </reporter-output>
        </test-method> <!-- teardown -->
        <test-method is-config="true" signature="LoginPage()[pri:0, instance:PomFramework.LoginPageTest@240237d2]" started-at="2021-02-01T22:16:41 IST" name="LoginPage" finished-at="2021-02-01T22:16:58 IST" duration-ms="16980" status="PASS">
          <reporter-output>
          </reporter-output>
        </test-method> <!-- LoginPage -->
        <test-method signature="login()[pri:2, instance:PomFramework.LoginPageTest@240237d2]" started-at="2021-02-01T22:16:58 IST" name="login" finished-at="2021-02-01T22:17:08 IST" duration-ms="9591" status="PASS">
          <reporter-output>
          </reporter-output>
        </test-method> <!-- login -->
        <test-method is-config="true" signature="teardown()[pri:0, instance:PomFramework.LoginPageTest@240237d2]" started-at="2021-02-01T22:17:08 IST" name="teardown" finished-at="2021-02-01T22:17:08 IST" duration-ms="68" status="PASS">
          <reporter-output>
          </reporter-output>
        </test-method> <!-- teardown -->
      </class> <!-- PomFramework.LoginPageTest -->
    </test> <!-- Command line test -->
  </suite> <!-- Command line suite -->
</testng-results>
