<?xml version="1.0" encoding="UTF-8"?>
<testng-results ignored="0" total="3" passed="3" failed="0" skipped="0">
  <reporter-output>
  </reporter-output>
  <suite started-at="2021-07-24T17:46:28 IST" name="Default suite" finished-at="2021-07-24T17:46:59 IST" duration-ms="30913">
    <groups>
    </groups>
    <test started-at="2021-07-24T17:46:28 IST" name="Default test" finished-at="2021-07-24T17:46:59 IST" duration-ms="30913">
      <class name="TestCases.LoginPageTest">
        <test-method is-config="true" signature="LoginPage()[pri:0, instance:TestCases.LoginPageTest@5b8dfcc1]" started-at="2021-07-24T17:46:29 IST" name="LoginPage" finished-at="2021-07-24T17:46:36 IST" duration-ms="7627" status="PASS">
          <reporter-output>
          </reporter-output>
        </test-method> <!-- LoginPage -->
        <test-method signature="login(java.lang.String, java.lang.String)[pri:1, instance:TestCases.LoginPageTest@5b8dfcc1]" started-at="2021-07-24T17:46:36 IST" name="login" data-provider="getdata" finished-at="2021-07-24T17:46:42 IST" duration-ms="5411" status="PASS">
          <params>
            <param index="0">
              <value>
                <![CDATA[batchautomation]]>
              </value>
            </param>
            <param index="1">
              <value>
                <![CDATA[Test@12345]]>
              </value>
            </param>
          </params>
          <reporter-output>
          </reporter-output>
        </test-method> <!-- login -->
        <test-method is-config="true" signature="teardown()[pri:0, instance:TestCases.LoginPageTest@5b8dfcc1]" started-at="2021-07-24T17:46:42 IST" name="teardown" finished-at="2021-07-24T17:46:42 IST" duration-ms="208" status="PASS">
          <reporter-output>
          </reporter-output>
        </test-method> <!-- teardown -->
        <test-method is-config="true" signature="LoginPage()[pri:0, instance:TestCases.LoginPageTest@5b8dfcc1]" started-at="2021-07-24T17:46:42 IST" name="LoginPage" finished-at="2021-07-24T17:46:49 IST" duration-ms="6766" status="PASS">
          <reporter-output>
          </reporter-output>
        </test-method> <!-- LoginPage -->
        <test-method signature="signup()[pri:1, instance:TestCases.LoginPageTest@5b8dfcc1]" started-at="2021-07-24T17:46:49 IST" name="signup" finished-at="2021-07-24T17:46:52 IST" duration-ms="3641" status="PASS">
          <reporter-output>
          </reporter-output>
        </test-method> <!-- signup -->
        <test-method is-config="true" signature="teardown()[pri:0, instance:TestCases.LoginPageTest@5b8dfcc1]" started-at="2021-07-24T17:46:52 IST" name="teardown" finished-at="2021-07-24T17:46:52 IST" duration-ms="68" status="PASS">
          <reporter-output>
          </reporter-output>
        </test-method> <!-- teardown -->
        <test-method is-config="true" signature="LoginPage()[pri:0, instance:TestCases.LoginPageTest@5b8dfcc1]" started-at="2021-07-24T17:46:52 IST" name="LoginPage" finished-at="2021-07-24T17:46:59 IST" duration-ms="6341" status="PASS">
          <reporter-output>
          </reporter-output>
        </test-method> <!-- LoginPage -->
        <test-method signature="validatepagetitle()[pri:3, instance:TestCases.LoginPageTest@5b8dfcc1]" started-at="2021-07-24T17:46:59 IST" name="validatepagetitle" finished-at="2021-07-24T17:46:59 IST" duration-ms="125" status="PASS">
          <reporter-output>
          </reporter-output>
        </test-method> <!-- validatepagetitle -->
        <test-method is-config="true" signature="teardown()[pri:0, instance:TestCases.LoginPageTest@5b8dfcc1]" started-at="2021-07-24T17:46:59 IST" name="teardown" finished-at="2021-07-24T17:46:59 IST" duration-ms="116" status="PASS">
          <reporter-output>
          </reporter-output>
        </test-method> <!-- teardown -->
      </class> <!-- TestCases.LoginPageTest -->
    </test> <!-- Default test -->
  </suite> <!-- Default suite -->
</testng-results>
